2024-03-02 11:07:11,682 - __main__ - INFO - Token value: Token not available!
2024-03-02 12:11:58,557 - __main__ - INFO - Token value: Token not available!
2024-03-02 12:37:32,294 - __main__ - INFO - Token value: Token not available!
2024-03-02 12:38:03,343 - __main__ - INFO - Token value: Token not available!
2024-03-02 12:38:33,311 - __main__ - INFO - Token value: Token not available!
2024-03-02 12:38:33,616 - __main__ - INFO - Failed to fetch weather data.
2024-03-02 12:38:39,025 - __main__ - INFO - Token value: Token not available!
2024-03-02 12:38:39,344 - __main__ - INFO - Failed to fetch weather data.
2024-03-02 12:39:06,938 - __main__ - INFO - Token value: Token not available!
2024-03-02 12:39:07,249 - __main__ - INFO - Failed to fetch weather data.
2024-03-02 12:39:23,606 - __main__ - INFO - Token value: Token not available!
2024-03-02 12:39:23,939 - __main__ - INFO - Failed to fetch weather data.
2024-03-02 12:39:36,633 - __main__ - INFO - Token value: Token not available!
2024-03-02 12:39:37,116 - __main__ - INFO - Weather in Vietnam/Hanoi: 15ʡC
2024-03-02 12:39:37,116 - __main__ - INFO - Temperature: Now
2024-03-02 08:27:03,440 - __main__ - INFO - Token value: 1234
2024-03-02 08:27:03,730 - __main__ - INFO - Weather in Vietnam/Hanoi: 63ʡF
2024-03-02 08:27:03,730 - __main__ - INFO - Temperature: Now
2024-03-02 08:38:41,441 - __main__ - INFO - Token value: 1234
2024-03-02 08:38:41,800 - __main__ - INFO - Weather in Vietnam/Hanoi: 63ʡF
2024-03-02 08:38:41,800 - __main__ - INFO - Temperature: Now
2024-03-02 15:29:59,254 - __main__ - INFO - Token value: Token not available!
2024-03-02 15:29:59,744 - __main__ - INFO - Weather in Vietnam/Hanoi: 17ʡC
2024-03-02 15:29:59,745 - __main__ - INFO - Temperature: Now
2024-03-03 01:04:02,550 - __main__ - INFO - Token value: 1234
2024-03-03 01:04:02,804 - __main__ - INFO - Weather in Vietnam/Hanoi: 59ʡF
2024-03-04 01:01:37,774 - __main__ - INFO - Token value: 1234
2024-03-04 01:01:38,079 - __main__ - INFO - Weather in Vietnam/Hanoi: 61ʡF
2024-03-05 01:00:32,295 - __main__ - INFO - Token value: 1234
2024-03-05 01:00:32,554 - __main__ - INFO - Weather in Vietnam/Hanoi: 66ʡF
2024-03-06 01:00:49,251 - __main__ - INFO - Token value: 1234
2024-03-06 01:00:49,474 - __main__ - INFO - Weather in Vietnam/Hanoi: 70ʡF
2024-03-07 00:51:04,905 - __main__ - INFO - Token value: 1234
2024-03-07 00:51:05,174 - __main__ - INFO - Weather in Vietnam/Hanoi: 68ʡF
2024-03-08 01:00:37,029 - __main__ - INFO - Token value: 1234
2024-03-08 01:00:37,266 - __main__ - INFO - Weather in Vietnam/Hanoi: 68ʡF
2024-03-09 00:58:33,243 - __main__ - INFO - Token value: 1234
2024-03-09 00:58:33,513 - __main__ - INFO - Weather in Vietnam/Hanoi: 63ʡF
2024-03-10 01:04:58,314 - __main__ - INFO - Token value: 1234
2024-03-10 01:04:58,577 - __main__ - INFO - Weather in Vietnam/Hanoi: 61ʡF
2024-03-11 01:02:03,674 - __main__ - INFO - Token value: 1234
2024-03-11 01:02:03,980 - __main__ - INFO - Weather in Vietnam/Hanoi: 64ʡF
2024-03-12 01:00:30,879 - __main__ - INFO - Token value: 1234
2024-03-12 01:00:31,156 - __main__ - INFO - Weather in Vietnam/Hanoi: 64ʡF
2024-03-13 01:02:18,344 - __main__ - INFO - Token value: 1234
2024-03-13 01:02:18,593 - __main__ - INFO - Weather in Vietnam/Hanoi: 66ʡF
2024-03-14 01:00:59,296 - __main__ - INFO - Token value: 1234
2024-03-14 01:00:59,579 - __main__ - INFO - Weather in Vietnam/Hanoi: 68ʡF
2024-03-15 01:01:40,316 - __main__ - INFO - Token value: 1234
2024-03-15 01:01:40,521 - __main__ - INFO - Weather in Vietnam/Hanoi: 68ʡF
2024-03-16 00:59:53,382 - __main__ - INFO - Token value: 1234
2024-03-16 00:59:53,628 - __main__ - INFO - Weather in Vietnam/Hanoi: 72ʡF
2024-03-17 01:05:02,112 - __main__ - INFO - Token value: 1234
2024-03-17 01:05:02,371 - __main__ - INFO - Weather in Vietnam/Hanoi: 72ʡF
2024-03-18 01:02:24,529 - __main__ - INFO - Token value: 1234
2024-03-18 01:02:24,805 - __main__ - INFO - Weather in Vietnam/Hanoi: 73ʡF
2024-03-19 01:01:21,633 - __main__ - INFO - Token value: 1234
2024-03-19 01:01:21,917 - __main__ - INFO - Weather in Vietnam/Hanoi: 68ʡF
2024-03-20 01:00:44,635 - __main__ - INFO - Token value: 1234
2024-03-20 01:00:44,992 - __main__ - INFO - Weather in Vietnam/Hanoi: 66ʡF
2024-03-21 01:02:36,973 - __main__ - INFO - Token value: 1234
2024-03-21 01:02:37,193 - __main__ - INFO - Weather in Vietnam/Hanoi: 66ʡF
